\BOOKMARK [0][-]{chapter.1}{Introduction}{}% 1
\BOOKMARK [1][-]{section.1.1}{G\351n\351ralit\351s}{chapter.1}% 2
\BOOKMARK [1][-]{section.1.2}{Sujet}{chapter.1}% 3
\BOOKMARK [1][-]{section.1.3}{Rapide description des r\350gles du Texas Hold'Em Poker}{chapter.1}% 4
\BOOKMARK [2][-]{subsection.1.3.1}{Mise en place du jeu}{section.1.3}% 5
\BOOKMARK [2][-]{subsection.1.3.2}{Pr\351flop}{section.1.3}% 6
\BOOKMARK [2][-]{subsection.1.3.3}{Flop}{section.1.3}% 7
\BOOKMARK [2][-]{subsection.1.3.4}{Turn}{section.1.3}% 8
\BOOKMARK [2][-]{subsection.1.3.5}{River}{section.1.3}% 9
\BOOKMARK [2][-]{subsection.1.3.6}{Les combinaisons}{section.1.3}% 10
\BOOKMARK [1][-]{section.1.4}{Cahier des charges}{chapter.1}% 11
\BOOKMARK [2][-]{subsection.1.4.1}{Probl\351matique}{section.1.4}% 12
\BOOKMARK [2][-]{subsection.1.4.2}{Fonctionnalit\351s obligatoires}{section.1.4}% 13
\BOOKMARK [2][-]{subsection.1.4.3}{Fonctionnalit\351s optionnelles}{section.1.4}% 14
\BOOKMARK [2][-]{subsection.1.4.4}{Sp\351cifications techniques}{section.1.4}% 15
\BOOKMARK [2][-]{subsection.1.4.5}{Organisation pr\351visionnelle}{section.1.4}% 16
\BOOKMARK [0][-]{chapter.2}{Organisation du projet}{}% 17
\BOOKMARK [1][-]{section.2.1}{Organisation du travail}{chapter.2}% 18
\BOOKMARK [2][-]{subsection.2.1.1}{R\351unions}{section.2.1}% 19
\BOOKMARK [2][-]{subsection.2.1.2}{Mise en commun du travail}{section.2.1}% 20
\BOOKMARK [2][-]{subsection.2.1.3}{Planification}{section.2.1}% 21
\BOOKMARK [1][-]{section.2.2}{M\351thodes et outils de travail}{chapter.2}% 22
\BOOKMARK [2][-]{subsection.2.2.1}{Gestionnaire de versions}{section.2.2}% 23
\BOOKMARK [2][-]{subsection.2.2.2}{Normes de programmation}{section.2.2}% 24
\BOOKMARK [0][-]{chapter.3}{Analyse du projet}{}% 25
\BOOKMARK [1][-]{section.3.1}{Analyse de l'existant}{chapter.3}% 26
\BOOKMARK [1][-]{section.3.2}{Syst\350me de jeu}{chapter.3}% 27
\BOOKMARK [2][-]{subsection.3.2.1}{Deux joueurs}{section.3.2}% 28
\BOOKMARK [2][-]{subsection.3.2.2}{Intelligence artificielle contre intelligence artificielle}{section.3.2}% 29
\BOOKMARK [2][-]{subsection.3.2.3}{Choix d'enregistrement des donn\351es}{section.3.2}% 30
\BOOKMARK [1][-]{section.3.3}{Profilage}{chapter.3}% 31
\BOOKMARK [1][-]{section.3.4}{Phase de jeu}{chapter.3}% 32
\BOOKMARK [0][-]{chapter.4}{Mise en place du jeu et de l'interface graphique}{}% 33
\BOOKMARK [1][-]{section.4.1}{Jeu}{chapter.4}% 34
\BOOKMARK [1][-]{section.4.2}{Interface graphique}{chapter.4}% 35
\BOOKMARK [2][-]{subsection.4.2.1}{Param\351trer le jeu}{section.4.2}% 36
\BOOKMARK [2][-]{subsection.4.2.2}{Intelligence artificielle face \340 un joueur humain}{section.4.2}% 37
\BOOKMARK [2][-]{subsection.4.2.3}{Intelligence artificielle face \340 une autre intelligence artificielle}{section.4.2}% 38
\BOOKMARK [0][-]{chapter.5}{Calcul du profil d'un joueur}{}% 39
\BOOKMARK [1][-]{section.5.1}{Rationalit\351}{chapter.5}% 40
\BOOKMARK [1][-]{section.5.2}{Agressivit\351}{chapter.5}% 41
\BOOKMARK [1][-]{section.5.3}{Bluff}{chapter.5}% 42
\BOOKMARK [1][-]{section.5.4}{Passivit\351}{chapter.5}% 43
\BOOKMARK [0][-]{chapter.6}{Intelligence artificielle}{}% 44
\BOOKMARK [1][-]{section.6.1}{R\351solveur}{chapter.6}% 45
\BOOKMARK [2][-]{subsection.6.1.1}{R\351solveur basique}{section.6.1}% 46
\BOOKMARK [2][-]{subsection.6.1.2}{R\351solveur avec calibrage}{section.6.1}% 47
\BOOKMARK [1][-]{section.6.2}{Estimation des chances de gain}{chapter.6}% 48
\BOOKMARK [0][-]{chapter.7}{M\351thodes de profilage}{}% 49
\BOOKMARK [1][-]{section.7.1}{Sc\351narios de tests}{chapter.7}% 50
\BOOKMARK [2][-]{subsection.7.1.1}{Mise en place des sc\351narios}{section.7.1}% 51
\BOOKMARK [2][-]{subsection.7.1.2}{Analyse des r\351sultats}{section.7.1}% 52
\BOOKMARK [1][-]{section.7.2}{\311tablissement des profils attendus}{chapter.7}% 53
\BOOKMARK [1][-]{section.7.3}{V\351rification du profil \351tabli}{chapter.7}% 54
\BOOKMARK [0][-]{chapter.8}{Analyse des gains de parties}{}% 55
\BOOKMARK [1][-]{section.8.1}{Un premier calibrage inefficace}{chapter.8}% 56
\BOOKMARK [2][-]{subsection.8.1.1}{Mise en place du calibrage}{section.8.1}% 57
\BOOKMARK [2][-]{subsection.8.1.2}{Analyse des r\351sultats}{section.8.1}% 58
\BOOKMARK [1][-]{section.8.2}{Recherche du calibrage optimal}{chapter.8}% 59
\BOOKMARK [1][-]{section.8.3}{Recherche du meilleur type de joueur}{chapter.8}% 60
\BOOKMARK [1][-]{section.8.4}{R\351sultats}{chapter.8}% 61
\BOOKMARK [0][-]{chapter.9}{Perspectives et conclusion}{}% 62
\BOOKMARK [1][-]{section.9.1}{Perspectives d'am\351lioration du profilage}{chapter.9}% 63
\BOOKMARK [2][-]{subsection.9.1.1}{Profilage dynamique}{section.9.1}% 64
\BOOKMARK [2][-]{subsection.9.1.2}{Profilage avec plus de deux joueurs}{section.9.1}% 65
\BOOKMARK [1][-]{section.9.2}{Profilage obtenu}{chapter.9}% 66
\BOOKMARK [0][-]{appendix.A}{Planification pr\351visionnelle}{}% 67
\BOOKMARK [0][-]{appendix.B}{Planification r\351elle}{}% 68
