This is pdfTeX, Version 3.1415926-2.5-1.40.14 (TeX Live 2013/Debian) (format=pdflatex 2015.2.9)  25 MAY 2015 11:22
entering extended mode
 restricted \write18 enabled.
 %&-line parsing enabled.
**Rapport.tex
(./Rapport.tex
LaTeX2e <2011/06/27>
Babel <3.9h> and hyphenation patterns for 4 languages loaded.
(/usr/share/texlive/texmf-dist/tex/latex/base/report.cls
Document Class: report 2007/10/19 v1.4h Standard LaTeX document class
(/usr/share/texlive/texmf-dist/tex/latex/base/size10.clo
File: size10.clo 2007/10/19 v1.4h Standard LaTeX file (size option)
)
\c@part=\count79
\c@chapter=\count80
\c@section=\count81
\c@subsection=\count82
\c@subsubsection=\count83
\c@paragraph=\count84
\c@subparagraph=\count85
\c@figure=\count86
\c@table=\count87
\abovecaptionskip=\skip41
\belowcaptionskip=\skip42
\bibindent=\dimen102
)
(/usr/share/texlive/texmf-dist/tex/latex/base/inputenc.sty
Package: inputenc 2008/03/30 v1.1d Input encoding file
\inpenc@prehook=\toks14
\inpenc@posthook=\toks15

(/usr/share/texlive/texmf-dist/tex/latex/base/utf8.def
File: utf8.def 2008/04/05 v1.1m UTF-8 support for inputenc
Now handling font encoding OML ...
... no UTF-8 mapping file for font encoding OML
Now handling font encoding T1 ...
... processing UTF-8 mapping file for font encoding T1

(/usr/share/texlive/texmf-dist/tex/latex/base/t1enc.dfu
File: t1enc.dfu 2008/04/05 v1.1m UTF-8 support for inputenc
   defining Unicode char U+00A1 (decimal 161)
   defining Unicode char U+00A3 (decimal 163)
   defining Unicode char U+00AB (decimal 171)
   defining Unicode char U+00BB (decimal 187)
   defining Unicode char U+00BF (decimal 191)
   defining Unicode char U+00C0 (decimal 192)
   defining Unicode char U+00C1 (decimal 193)
   defining Unicode char U+00C2 (decimal 194)
   defining Unicode char U+00C3 (decimal 195)
   defining Unicode char U+00C4 (decimal 196)
   defining Unicode char U+00C5 (decimal 197)
   defining Unicode char U+00C6 (decimal 198)
   defining Unicode char U+00C7 (decimal 199)
   defining Unicode char U+00C8 (decimal 200)
   defining Unicode char U+00C9 (decimal 201)
   defining Unicode char U+00CA (decimal 202)
   defining Unicode char U+00CB (decimal 203)
   defining Unicode char U+00CC (decimal 204)
   defining Unicode char U+00CD (decimal 205)
   defining Unicode char U+00CE (decimal 206)
   defining Unicode char U+00CF (decimal 207)
   defining Unicode char U+00D0 (decimal 208)
   defining Unicode char U+00D1 (decimal 209)
   defining Unicode char U+00D2 (decimal 210)
   defining Unicode char U+00D3 (decimal 211)
   defining Unicode char U+00D4 (decimal 212)
   defining Unicode char U+00D5 (decimal 213)
   defining Unicode char U+00D6 (decimal 214)
   defining Unicode char U+00D8 (decimal 216)
   defining Unicode char U+00D9 (decimal 217)
   defining Unicode char U+00DA (decimal 218)
   defining Unicode char U+00DB (decimal 219)
   defining Unicode char U+00DC (decimal 220)
   defining Unicode char U+00DD (decimal 221)
   defining Unicode char U+00DE (decimal 222)
   defining Unicode char U+00DF (decimal 223)
   defining Unicode char U+00E0 (decimal 224)
   defining Unicode char U+00E1 (decimal 225)
   defining Unicode char U+00E2 (decimal 226)
   defining Unicode char U+00E3 (decimal 227)
   defining Unicode char U+00E4 (decimal 228)
   defining Unicode char U+00E5 (decimal 229)
   defining Unicode char U+00E6 (decimal 230)
   defining Unicode char U+00E7 (decimal 231)
   defining Unicode char U+00E8 (decimal 232)
   defining Unicode char U+00E9 (decimal 233)
   defining Unicode char U+00EA (decimal 234)
   defining Unicode char U+00EB (decimal 235)
   defining Unicode char U+00EC (decimal 236)
   defining Unicode char U+00ED (decimal 237)
   defining Unicode char U+00EE (decimal 238)
   defining Unicode char U+00EF (decimal 239)
   defining Unicode char U+00F0 (decimal 240)
   defining Unicode char U+00F1 (decimal 241)
   defining Unicode char U+00F2 (decimal 242)
   defining Unicode char U+00F3 (decimal 243)
   defining Unicode char U+00F4 (decimal 244)
   defining Unicode char U+00F5 (decimal 245)
   defining Unicode char U+00F6 (decimal 246)
   defining Unicode char U+00F8 (decimal 248)
   defining Unicode char U+00F9 (decimal 249)
   defining Unicode char U+00FA (decimal 250)
   defining Unicode char U+00FB (decimal 251)
   defining Unicode char U+00FC (decimal 252)
   defining Unicode char U+00FD (decimal 253)
   defining Unicode char U+00FE (decimal 254)
   defining Unicode char U+00FF (decimal 255)
   defining Unicode char U+0102 (decimal 258)
   defining Unicode char U+0103 (decimal 259)
   defining Unicode char U+0104 (decimal 260)
   defining Unicode char U+0105 (decimal 261)
   defining Unicode char U+0106 (decimal 262)
   defining Unicode char U+0107 (decimal 263)
   defining Unicode char U+010C (decimal 268)
   defining Unicode char U+010D (decimal 269)
   defining Unicode char U+010E (decimal 270)
   defining Unicode char U+010F (decimal 271)
   defining Unicode char U+0110 (decimal 272)
   defining Unicode char U+0111 (decimal 273)
   defining Unicode char U+0118 (decimal 280)
   defining Unicode char U+0119 (decimal 281)
   defining Unicode char U+011A (decimal 282)
   defining Unicode char U+011B (decimal 283)
   defining Unicode char U+011E (decimal 286)
   defining Unicode char U+011F (decimal 287)
   defining Unicode char U+0130 (decimal 304)
   defining Unicode char U+0131 (decimal 305)
   defining Unicode char U+0132 (decimal 306)
   defining Unicode char U+0133 (decimal 307)
   defining Unicode char U+0139 (decimal 313)
   defining Unicode char U+013A (decimal 314)
   defining Unicode char U+013D (decimal 317)
   defining Unicode char U+013E (decimal 318)
   defining Unicode char U+0141 (decimal 321)
   defining Unicode char U+0142 (decimal 322)
   defining Unicode char U+0143 (decimal 323)
   defining Unicode char U+0144 (decimal 324)
   defining Unicode char U+0147 (decimal 327)
   defining Unicode char U+0148 (decimal 328)
   defining Unicode char U+014A (decimal 330)
   defining Unicode char U+014B (decimal 331)
   defining Unicode char U+0150 (decimal 336)
   defining Unicode char U+0151 (decimal 337)
   defining Unicode char U+0152 (decimal 338)
   defining Unicode char U+0153 (decimal 339)
   defining Unicode char U+0154 (decimal 340)
   defining Unicode char U+0155 (decimal 341)
   defining Unicode char U+0158 (decimal 344)
   defining Unicode char U+0159 (decimal 345)
   defining Unicode char U+015A (decimal 346)
   defining Unicode char U+015B (decimal 347)
   defining Unicode char U+015E (decimal 350)
   defining Unicode char U+015F (decimal 351)
   defining Unicode char U+0160 (decimal 352)
   defining Unicode char U+0161 (decimal 353)
   defining Unicode char U+0162 (decimal 354)
   defining Unicode char U+0163 (decimal 355)
   defining Unicode char U+0164 (decimal 356)
   defining Unicode char U+0165 (decimal 357)
   defining Unicode char U+016E (decimal 366)
   defining Unicode char U+016F (decimal 367)
   defining Unicode char U+0170 (decimal 368)
   defining Unicode char U+0171 (decimal 369)
   defining Unicode char U+0178 (decimal 376)
   defining Unicode char U+0179 (decimal 377)
   defining Unicode char U+017A (decimal 378)
   defining Unicode char U+017B (decimal 379)
   defining Unicode char U+017C (decimal 380)
   defining Unicode char U+017D (decimal 381)
   defining Unicode char U+017E (decimal 382)
   defining Unicode char U+200C (decimal 8204)
   defining Unicode char U+2013 (decimal 8211)
   defining Unicode char U+2014 (decimal 8212)
   defining Unicode char U+2018 (decimal 8216)
   defining Unicode char U+2019 (decimal 8217)
   defining Unicode char U+201A (decimal 8218)
   defining Unicode char U+201C (decimal 8220)
   defining Unicode char U+201D (decimal 8221)
   defining Unicode char U+201E (decimal 8222)
   defining Unicode char U+2030 (decimal 8240)
   defining Unicode char U+2031 (decimal 8241)
   defining Unicode char U+2039 (decimal 8249)
   defining Unicode char U+203A (decimal 8250)
   defining Unicode char U+2423 (decimal 9251)
)
Now handling font encoding OT1 ...
... processing UTF-8 mapping file for font encoding OT1

(/usr/share/texlive/texmf-dist/tex/latex/base/ot1enc.dfu
File: ot1enc.dfu 2008/04/05 v1.1m UTF-8 support for inputenc
   defining Unicode char U+00A1 (decimal 161)
   defining Unicode char U+00A3 (decimal 163)
   defining Unicode char U+00B8 (decimal 184)
   defining Unicode char U+00BF (decimal 191)
   defining Unicode char U+00C5 (decimal 197)
   defining Unicode char U+00C6 (decimal 198)
   defining Unicode char U+00D8 (decimal 216)
   defining Unicode char U+00DF (decimal 223)
   defining Unicode char U+00E6 (decimal 230)
   defining Unicode char U+00EC (decimal 236)
   defining Unicode char U+00ED (decimal 237)
   defining Unicode char U+00EE (decimal 238)
   defining Unicode char U+00EF (decimal 239)
   defining Unicode char U+00F8 (decimal 248)
   defining Unicode char U+0131 (decimal 305)
   defining Unicode char U+0141 (decimal 321)
   defining Unicode char U+0142 (decimal 322)
   defining Unicode char U+0152 (decimal 338)
   defining Unicode char U+0153 (decimal 339)
   defining Unicode char U+2013 (decimal 8211)
   defining Unicode char U+2014 (decimal 8212)
   defining Unicode char U+2018 (decimal 8216)
   defining Unicode char U+2019 (decimal 8217)
   defining Unicode char U+201C (decimal 8220)
   defining Unicode char U+201D (decimal 8221)
)
Now handling font encoding OMS ...
... processing UTF-8 mapping file for font encoding OMS

(/usr/share/texlive/texmf-dist/tex/latex/base/omsenc.dfu
File: omsenc.dfu 2008/04/05 v1.1m UTF-8 support for inputenc
   defining Unicode char U+00A7 (decimal 167)
   defining Unicode char U+00B6 (decimal 182)
   defining Unicode char U+00B7 (decimal 183)
   defining Unicode char U+2020 (decimal 8224)
   defining Unicode char U+2021 (decimal 8225)
   defining Unicode char U+2022 (decimal 8226)
)
Now handling font encoding OMX ...
... no UTF-8 mapping file for font encoding OMX
Now handling font encoding U ...
... no UTF-8 mapping file for font encoding U
   defining Unicode char U+00A9 (decimal 169)
   defining Unicode char U+00AA (decimal 170)
   defining Unicode char U+00AE (decimal 174)
   defining Unicode char U+00BA (decimal 186)
   defining Unicode char U+02C6 (decimal 710)
   defining Unicode char U+02DC (decimal 732)
   defining Unicode char U+200C (decimal 8204)
   defining Unicode char U+2026 (decimal 8230)
   defining Unicode char U+2122 (decimal 8482)
   defining Unicode char U+2423 (decimal 9251)
))
(/usr/share/texmf/tex/latex/xcolor/xcolor.sty
Package: xcolor 2007/01/21 v2.11 LaTeX color extensions (UK)

(/usr/share/texlive/texmf-dist/tex/latex/latexconfig/color.cfg
File: color.cfg 2007/01/18 v1.5 color configuration of teTeX/TeXLive
)
Package xcolor Info: Driver file: pdftex.def on input line 225.

(/usr/share/texlive/texmf-dist/tex/latex/pdftex-def/pdftex.def
File: pdftex.def 2011/05/27 v0.06d Graphics/color for pdfTeX

(/usr/share/texlive/texmf-dist/tex/generic/oberdiek/infwarerr.sty
Package: infwarerr 2010/04/08 v1.3 Providing info/warning/error messages (HO)
)
(/usr/share/texlive/texmf-dist/tex/generic/oberdiek/ltxcmds.sty
Package: ltxcmds 2011/11/09 v1.22 LaTeX kernel commands for general use (HO)
)
\Gread@gobject=\count88
)
Package xcolor Info: Model `cmy' substituted by `cmy0' on input line 1337.
Package xcolor Info: Model `hsb' substituted by `rgb' on input line 1341.
Package xcolor Info: Model `RGB' extended on input line 1353.
Package xcolor Info: Model `HTML' substituted by `rgb' on input line 1355.
Package xcolor Info: Model `Hsb' substituted by `hsb' on input line 1356.
Package xcolor Info: Model `tHsb' substituted by `hsb' on input line 1357.
Package xcolor Info: Model `HSB' substituted by `hsb' on input line 1358.
Package xcolor Info: Model `Gray' substituted by `gray' on input line 1359.
Package xcolor Info: Model `wave' substituted by `hsb' on input line 1360.
)
(/usr/share/texlive/texmf-dist/tex/latex/sectsty/sectsty.sty
Package: sectsty 2002/02/25 v2.0.2 Commands to change all sectional heading sty
les
)
(/usr/share/texlive/texmf-dist/tex/latex/listings/listings.sty
(/usr/share/texlive/texmf-dist/tex/latex/graphics/keyval.sty
Package: keyval 1999/03/16 v1.13 key=value parser (DPC)
\KV@toks@=\toks16
)
\lst@mode=\count89
\lst@gtempboxa=\box26
\lst@token=\toks17
\lst@length=\count90
\lst@currlwidth=\dimen103
\lst@column=\count91
\lst@pos=\count92
\lst@lostspace=\dimen104
\lst@width=\dimen105
\lst@newlines=\count93
\lst@lineno=\count94
\lst@maxwidth=\dimen106

(/usr/share/texlive/texmf-dist/tex/latex/listings/lstmisc.sty
File: lstmisc.sty 2013/08/26 1.5b (Carsten Heinz)
\c@lstnumber=\count95
\lst@skipnumbers=\count96
\lst@framebox=\box27
)
(/usr/share/texlive/texmf-dist/tex/latex/listings/listings.cfg
File: listings.cfg 2013/08/26 1.5b listings configuration
))
Package: listings 2013/08/26 1.5b (Carsten Heinz)

(/usr/share/texlive/texmf-dist/tex/latex/hyperref/hyperref.sty
Package: hyperref 2012/11/06 v6.83m Hypertext links for LaTeX

(/usr/share/texlive/texmf-dist/tex/generic/oberdiek/hobsub-hyperref.sty
Package: hobsub-hyperref 2012/05/28 v1.13 Bundle oberdiek, subset hyperref (HO)


(/usr/share/texlive/texmf-dist/tex/generic/oberdiek/hobsub-generic.sty
Package: hobsub-generic 2012/05/28 v1.13 Bundle oberdiek, subset generic (HO)
Package: hobsub 2012/05/28 v1.13 Construct package bundles (HO)
Package hobsub Info: Skipping package `infwarerr' (already loaded).
Package hobsub Info: Skipping package `ltxcmds' (already loaded).
Package: ifluatex 2010/03/01 v1.3 Provides the ifluatex switch (HO)
Package ifluatex Info: LuaTeX not detected.
Package: ifvtex 2010/03/01 v1.5 Detect VTeX and its facilities (HO)
Package ifvtex Info: VTeX not detected.
Package: intcalc 2007/09/27 v1.1 Expandable calculations with integers (HO)
Package: ifpdf 2011/01/30 v2.3 Provides the ifpdf switch (HO)
Package ifpdf Info: pdfTeX in PDF mode is detected.
Package: etexcmds 2011/02/16 v1.5 Avoid name clashes with e-TeX commands (HO)
Package etexcmds Info: Could not find \expanded.
(etexcmds)             That can mean that you are not using pdfTeX 1.50 or
(etexcmds)             that some package has redefined \expanded.
(etexcmds)             In the latter case, load this package earlier.
Package: kvsetkeys 2012/04/25 v1.16 Key value parser (HO)
Package: kvdefinekeys 2011/04/07 v1.3 Define keys (HO)
Package: pdftexcmds 2011/11/29 v0.20 Utility functions of pdfTeX for LuaTeX (HO
)
Package pdftexcmds Info: LuaTeX not detected.
Package pdftexcmds Info: \pdf@primitive is available.
Package pdftexcmds Info: \pdf@ifprimitive is available.
Package pdftexcmds Info: \pdfdraftmode found.
Package: pdfescape 2011/11/25 v1.13 Implements pdfTeX's escape features (HO)
Package: bigintcalc 2012/04/08 v1.3 Expandable calculations on big integers (HO
)
Package: bitset 2011/01/30 v1.1 Handle bit-vector datatype (HO)
Package: uniquecounter 2011/01/30 v1.2 Provide unlimited unique counter (HO)
)
Package hobsub Info: Skipping package `hobsub' (already loaded).
Package: letltxmacro 2010/09/02 v1.4 Let assignment for LaTeX macros (HO)
Package: hopatch 2012/05/28 v1.2 Wrapper for package hooks (HO)
Package: xcolor-patch 2011/01/30 xcolor patch
Package: atveryend 2011/06/30 v1.8 Hooks at the very end of document (HO)
Package atveryend Info: \enddocument detected (standard20110627).
Package: atbegshi 2011/10/05 v1.16 At begin shipout hook (HO)
Package: refcount 2011/10/16 v3.4 Data extraction from label references (HO)
Package: hycolor 2011/01/30 v1.7 Color options for hyperref/bookmark (HO)
)
(/usr/share/texlive/texmf-dist/tex/generic/ifxetex/ifxetex.sty
Package: ifxetex 2010/09/12 v0.6 Provides ifxetex conditional
)
(/usr/share/texlive/texmf-dist/tex/latex/oberdiek/auxhook.sty
Package: auxhook 2011/03/04 v1.3 Hooks for auxiliary files (HO)
)
(/usr/share/texlive/texmf-dist/tex/latex/oberdiek/kvoptions.sty
Package: kvoptions 2011/06/30 v3.11 Key value format for package options (HO)
)
\@linkdim=\dimen107
\Hy@linkcounter=\count97
\Hy@pagecounter=\count98

(/usr/share/texlive/texmf-dist/tex/latex/hyperref/pd1enc.def
File: pd1enc.def 2012/11/06 v6.83m Hyperref: PDFDocEncoding definition (HO)
Now handling font encoding PD1 ...
... no UTF-8 mapping file for font encoding PD1
)
\Hy@SavedSpaceFactor=\count99

(/usr/share/texlive/texmf-dist/tex/latex/latexconfig/hyperref.cfg
File: hyperref.cfg 2002/06/06 v1.2 hyperref configuration of TeXLive
)
Package hyperref Info: Hyper figures OFF on input line 4443.
Package hyperref Info: Link nesting OFF on input line 4448.
Package hyperref Info: Hyper index ON on input line 4451.
Package hyperref Info: Plain pages OFF on input line 4458.
Package hyperref Info: Backreferencing OFF on input line 4463.
Package hyperref Info: Implicit mode ON; LaTeX internals redefined.
Package hyperref Info: Bookmarks ON on input line 4688.
\c@Hy@tempcnt=\count100

(/usr/share/texlive/texmf-dist/tex/latex/url/url.sty
\Urlmuskip=\muskip10
Package: url 2013/09/16  ver 3.4  Verb mode for urls, etc.
)
LaTeX Info: Redefining \url on input line 5041.
\XeTeXLinkMargin=\dimen108
\Fld@menulength=\count101
\Field@Width=\dimen109
\Fld@charsize=\dimen110
Package hyperref Info: Hyper figures OFF on input line 6295.
Package hyperref Info: Link nesting OFF on input line 6300.
Package hyperref Info: Hyper index ON on input line 6303.
Package hyperref Info: backreferencing OFF on input line 6310.
Package hyperref Info: Link coloring OFF on input line 6315.
Package hyperref Info: Link coloring with OCG OFF on input line 6320.
Package hyperref Info: PDF/A mode OFF on input line 6325.
LaTeX Info: Redefining \ref on input line 6365.
LaTeX Info: Redefining \pageref on input line 6369.
\Hy@abspage=\count102
\c@Item=\count103
\c@Hfootnote=\count104
)

Package hyperref Message: Driver (autodetected): hpdftex.

(/usr/share/texlive/texmf-dist/tex/latex/hyperref/hpdftex.def
File: hpdftex.def 2012/11/06 v6.83m Hyperref driver for pdfTeX
\Fld@listcount=\count105
\c@bookmark@seq@number=\count106

(/usr/share/texlive/texmf-dist/tex/latex/oberdiek/rerunfilecheck.sty
Package: rerunfilecheck 2011/04/15 v1.7 Rerun checks for auxiliary files (HO)
Package uniquecounter Info: New unique counter `rerunfilecheck' on input line 2
82.
)
\Hy@SectionHShift=\skip43
)
(/usr/share/texlive/texmf-dist/tex/latex/amsmath/amsmath.sty
Package: amsmath 2013/01/14 v2.14 AMS math features
\@mathmargin=\skip44

For additional information on amsmath, use the `?' option.
(/usr/share/texlive/texmf-dist/tex/latex/amsmath/amstext.sty
Package: amstext 2000/06/29 v2.01

(/usr/share/texlive/texmf-dist/tex/latex/amsmath/amsgen.sty
File: amsgen.sty 1999/11/30 v2.0
\@emptytoks=\toks18
\ex@=\dimen111
))
(/usr/share/texlive/texmf-dist/tex/latex/amsmath/amsbsy.sty
Package: amsbsy 1999/11/29 v1.2d
\pmbraise@=\dimen112
)
(/usr/share/texlive/texmf-dist/tex/latex/amsmath/amsopn.sty
Package: amsopn 1999/12/14 v2.01 operator names
)
\inf@bad=\count107
LaTeX Info: Redefining \frac on input line 210.
\uproot@=\count108
\leftroot@=\count109
LaTeX Info: Redefining \overline on input line 306.
\classnum@=\count110
\DOTSCASE@=\count111
LaTeX Info: Redefining \ldots on input line 378.
LaTeX Info: Redefining \dots on input line 381.
LaTeX Info: Redefining \cdots on input line 466.
\Mathstrutbox@=\box28
\strutbox@=\box29
\big@size=\dimen113
LaTeX Font Info:    Redeclaring font encoding OML on input line 566.
LaTeX Font Info:    Redeclaring font encoding OMS on input line 567.
\macc@depth=\count112
\c@MaxMatrixCols=\count113
\dotsspace@=\muskip11
\c@parentequation=\count114
\dspbrk@lvl=\count115
\tag@help=\toks19
\row@=\count116
\column@=\count117
\maxfields@=\count118
\andhelp@=\toks20
\eqnshift@=\dimen114
\alignsep@=\dimen115
\tagshift@=\dimen116
\tagwidth@=\dimen117
\totwidth@=\dimen118
\lineht@=\dimen119
\@envbody=\toks21
\multlinegap=\skip45
\multlinetaggap=\skip46
\mathdisplay@stack=\toks22
LaTeX Info: Redefining \[ on input line 2665.
LaTeX Info: Redefining \] on input line 2666.
)
(/usr/share/texlive/texmf-dist/tex/latex/pdfpages/pdfpages.sty
Package: pdfpages 2013/08/25 v0.4v Insert pages of external PDF documents (AM)

(/usr/share/texlive/texmf-dist/tex/latex/base/ifthen.sty
Package: ifthen 2001/05/26 v1.1c Standard LaTeX ifthen package (DPC)
)
(/usr/share/texlive/texmf-dist/tex/latex/tools/calc.sty
Package: calc 2007/08/22 v4.3 Infix arithmetic (KKT,FJ)
\calc@Acount=\count119
\calc@Bcount=\count120
\calc@Adimen=\dimen120
\calc@Bdimen=\dimen121
\calc@Askip=\skip47
\calc@Bskip=\skip48
LaTeX Info: Redefining \setlength on input line 76.
LaTeX Info: Redefining \addtolength on input line 77.
\calc@Ccount=\count121
\calc@Cskip=\skip49
)
(/usr/share/texlive/texmf-dist/tex/latex/eso-pic/eso-pic.sty
Package: eso-pic 2013/10/06 v2.0d eso-pic (RN)
)
(/usr/share/texlive/texmf-dist/tex/latex/graphics/graphicx.sty
Package: graphicx 1999/02/16 v1.0f Enhanced LaTeX Graphics (DPC,SPQR)

(/usr/share/texlive/texmf-dist/tex/latex/graphics/graphics.sty
Package: graphics 2009/02/05 v1.0o Standard LaTeX Graphics (DPC,SPQR)

(/usr/share/texlive/texmf-dist/tex/latex/graphics/trig.sty
Package: trig 1999/03/16 v1.09 sin cos tan (DPC)
)
(/usr/share/texlive/texmf-dist/tex/latex/latexconfig/graphics.cfg
File: graphics.cfg 2010/04/23 v1.9 graphics configuration of TeX Live
)
Package graphics Info: Driver file: pdftex.def on input line 91.
)
\Gin@req@height=\dimen122
\Gin@req@width=\dimen123
)
(/usr/share/texlive/texmf-dist/tex/latex/pdfpages/pppdftex.def
File: pppdftex.def 2013/08/25 v0.4v Pdfpages driver for pdfTeX (AM)
)
\AM@pagebox=\box30
\AM@toc@title=\toks23
\c@AM@survey=\count122
\AM@templatesizebox=\box31
)
(/usr/share/texlive/texmf-dist/tex/latex/rotating/rotating.sty
Package: rotating 2009/03/28 v2.16a rotated objects in LaTeX
\c@r@tfl@t=\count123
\rotFPtop=\skip50
\rotFPbot=\skip51
\rot@float@box=\box32
\rot@mess@toks=\toks24
)
(/usr/share/texlive/texmf-dist/tex/latex/float/float.sty
Package: float 2001/11/08 v1.3d Float enhancements (AL)
\c@float@type=\count124
\float@exts=\toks25
\float@box=\box33
\@float@everytoks=\toks26
\@floatcapt=\box34
)

Package hyperref Warning: Option `hyperfigures' has already been used,
(hyperref)                setting the option has no effect on input line 19.

Package hyperref Info: Option `colorlinks' set `true' on input line 19.
(./Rapport.aux)
\openout1 = `Rapport.aux'.

LaTeX Font Info:    Checking defaults for OML/cmm/m/it on input line 40.
LaTeX Font Info:    ... okay on input line 40.
LaTeX Font Info:    Checking defaults for T1/cmr/m/n on input line 40.
LaTeX Font Info:    ... okay on input line 40.
LaTeX Font Info:    Checking defaults for OT1/cmr/m/n on input line 40.
LaTeX Font Info:    ... okay on input line 40.
LaTeX Font Info:    Checking defaults for OMS/cmsy/m/n on input line 40.
LaTeX Font Info:    ... okay on input line 40.
LaTeX Font Info:    Checking defaults for OMX/cmex/m/n on input line 40.
LaTeX Font Info:    ... okay on input line 40.
LaTeX Font Info:    Checking defaults for U/cmr/m/n on input line 40.
LaTeX Font Info:    ... okay on input line 40.
LaTeX Font Info:    Checking defaults for PD1/pdf/m/n on input line 40.
LaTeX Font Info:    ... okay on input line 40.
 (/usr/share/texlive/texmf-dist/tex/context/base/supp-pdf.mkii
[Loading MPS to PDF converter (version 2006.09.02).]
\scratchcounter=\count125
\scratchdimen=\dimen124
\scratchbox=\box35
\nofMPsegments=\count126
\nofMParguments=\count127
\everyMPshowfont=\toks27
\MPscratchCnt=\count128
\MPscratchDim=\dimen125
\MPnumerator=\count129
\makeMPintoPDFobject=\count130
\everyMPtoPDFconversion=\toks28
)
\c@lstlisting=\count131
\AtBeginShipoutBox=\box36
Package hyperref Info: Link coloring ON on input line 40.
 (/usr/share/texlive/texmf-dist/tex/latex/hyperref/nameref.sty
Package: nameref 2012/10/27 v2.43 Cross-referencing by name of section

(/usr/share/texlive/texmf-dist/tex/generic/oberdiek/gettitlestring.sty
Package: gettitlestring 2010/12/03 v1.4 Cleanup title references (HO)
)
\c@section@level=\count132
)
LaTeX Info: Redefining \ref on input line 40.
LaTeX Info: Redefining \pageref on input line 40.
LaTeX Info: Redefining \nameref on input line 40.

(./Rapport.out) (./Rapport.out)
\@outlinefile=\write3
\openout3 = `Rapport.out'.


(/usr/share/texlive/texmf-dist/tex/latex/oberdiek/epstopdf-base.sty
Package: epstopdf-base 2010/02/09 v2.5 Base part for package epstopdf

(/usr/share/texlive/texmf-dist/tex/latex/oberdiek/grfext.sty
Package: grfext 2010/08/19 v1.1 Manage graphics extensions (HO)
)
Package grfext Info: Graphics extension search list:
(grfext)             [.png,.pdf,.jpg,.mps,.jpeg,.jbig2,.jb2,.PNG,.PDF,.JPG,.JPE
G,.JBIG2,.JB2,.eps]
(grfext)             \AppendGraphicsExtensions on input line 452.

(/usr/share/texlive/texmf-dist/tex/latex/latexconfig/epstopdf-sys.cfg
File: epstopdf-sys.cfg 2010/07/13 v1.3 Configuration of (r)epstopdf for TeX Liv
e
))
<./PageGardeRapportTERM1.pdf, id=277, 597.50786pt x 845.04686pt>
File: ./PageGardeRapportTERM1.pdf Graphic file (type pdf)

<use ./PageGardeRapportTERM1.pdf>
Package pdftex.def Info: ./PageGardeRapportTERM1.pdf used on input line 42.
(pdftex.def)             Requested size: 597.5064pt x 845.0448pt.
File: ./PageGardeRapportTERM1.pdf Graphic file (type pdf)
 <use ./PageGardeRapportTERM1.pdf>
Package pdftex.def Info: ./PageGardeRapportTERM1.pdf used on input line 42.
(pdftex.def)             Requested size: 597.5064pt x 845.0448pt.

<./PageGardeRapportTERM1.pdf, id=280, page=1, 597.50786pt x 845.04686pt>
File: ./PageGardeRapportTERM1.pdf Graphic file (type pdf)

<use ./PageGardeRapportTERM1.pdf, page 1>
Package pdftex.def Info: ./PageGardeRapportTERM1.pdf, page1 used on input line 
42.
(pdftex.def)             Requested size: 597.5064pt x 845.0448pt.
File: ./PageGardeRapportTERM1.pdf Graphic file (type pdf)

<use ./PageGardeRapportTERM1.pdf, page 1>
Package pdftex.def Info: ./PageGardeRapportTERM1.pdf, page1 used on input line 
42.
(pdftex.def)             Requested size: 562.12244pt x 795.00179pt.
File: ./PageGardeRapportTERM1.pdf Graphic file (type pdf)

<use ./PageGardeRapportTERM1.pdf, page 1>
Package pdftex.def Info: ./PageGardeRapportTERM1.pdf, page1 used on input line 
42.
(pdftex.def)             Requested size: 562.12244pt x 795.00179pt.
File: ./PageGardeRapportTERM1.pdf Graphic file (type pdf)

<use ./PageGardeRapportTERM1.pdf, page 1>
Package pdftex.def Info: ./PageGardeRapportTERM1.pdf, page1 used on input line 
42.
(pdftex.def)             Requested size: 562.12244pt x 795.00179pt.
File: ./PageGardeRapportTERM1.pdf Graphic file (type pdf)

<use ./PageGardeRapportTERM1.pdf, page 1>
Package pdftex.def Info: ./PageGardeRapportTERM1.pdf, page1 used on input line 
42.
(pdftex.def)             Requested size: 562.12244pt x 795.00179pt.
 [1

 <./PageGardeRapportTERM1.pdf{/var/lib/texmf/fonts/map/pdftex/updmap/pdftex.map
}>] [2]
Underfull \hbox (badness 10000) in paragraph at lines 51--52

 []

[3] (./Rapport.toc [4

])
\tf@toc=\write4
\openout4 = `Rapport.toc'.

 [5] (./Rapport.lof [6

])
\tf@lof=\write5
\openout5 = `Rapport.lof'.

 [7] [8

] [9]
Chapitre 1.

Underfull \hbox (badness 10000) in paragraph at lines 133--134

 []

[10

]
Overfull \hbox (25.54301pt too wide) in paragraph at lines 137--137
[]\OT1/cmr/bx/n/14.4 Rapide de-scrip-tion des r^^Regles du Texas Hold'Em
 []


Underfull \hbox (badness 10000) in paragraph at lines 139--140

 []


Underfull \hbox (badness 10000) in paragraph at lines 141--142

 []


Underfull \hbox (badness 10000) in paragraph at lines 143--144

 []


Underfull \hbox (badness 10000) in paragraph at lines 145--146

 []


Underfull \hbox (badness 10000) in paragraph at lines 153--154

 []

[11]
Underfull \hbox (badness 10000) in paragraph at lines 157--158

 []


Underfull \hbox (badness 10000) in paragraph at lines 161--162

 []


Underfull \hbox (badness 10000) in paragraph at lines 163--164

 []


Underfull \hbox (badness 10000) in paragraph at lines 168--169

 []


Underfull \hbox (badness 10000) in paragraph at lines 170--171

 []

<./imagesRapport/quinteFlushRoyale.jpg, id=508, 491.8375pt x 135.50626pt>
File: ./imagesRapport/quinteFlushRoyale.jpg Graphic file (type jpg)

<use ./imagesRapport/quinteFlushRoyale.jpg>
Package pdftex.def Info: ./imagesRapport/quinteFlushRoyale.jpg used on input li
ne 176.
(pdftex.def)             Requested size: 147.55238pt x 40.65218pt.

<./imagesRapport/quinteFlush.jpg, id=509, 401.5pt x 120.45pt>
File: ./imagesRapport/quinteFlush.jpg Graphic file (type jpg)

<use ./imagesRapport/quinteFlush.jpg>
Package pdftex.def Info: ./imagesRapport/quinteFlush.jpg used on input line 188
.
(pdftex.def)             Requested size: 160.59715pt x 48.17914pt.


LaTeX Warning: `h' float specifier changed to `ht'.

[12pdfTeX warning (ext4): destination with the same identifier (name{figure.1.1
}) has been already used, duplicate ignored

\AtBegShi@Output ...ipout \box \AtBeginShipoutBox 
                                                  \fi \fi 
l.193 \newpage
               <./imagesRapport/quinteFlushRoyale.jpg>]
<./imagesRapport/carre.jpg, id=514, 546.04pt x 151.56625pt>
File: ./imagesRapport/carre.jpg Graphic file (type jpg)

<use ./imagesRapport/carre.jpg>
Package pdftex.def Info: ./imagesRapport/carre.jpg used on input line 198.
(pdftex.def)             Requested size: 163.81326pt x 45.47021pt.

<./imagesRapport/full.jpg, id=515, 401.5pt x 120.45pt>
File: ./imagesRapport/full.jpg Graphic file (type jpg)

<use ./imagesRapport/full.jpg>
Package pdftex.def Info: ./imagesRapport/full.jpg used on input line 211.
(pdftex.def)             Requested size: 160.59715pt x 48.17914pt.

<./imagesRapport/couleur.jpg, id=516, 530.98375pt x 150.5625pt>
File: ./imagesRapport/couleur.jpg Graphic file (type jpg)

<use ./imagesRapport/couleur.jpg>
Package pdftex.def Info: ./imagesRapport/couleur.jpg used on input line 221.
(pdftex.def)             Requested size: 159.29634pt x 45.16908pt.


LaTeX Warning: `h' float specifier changed to `ht'.

[13pdfTeX warning (ext4): destination with the same identifier (name{figure.1.2
}) has been already used, duplicate ignored

\AtBegShi@Output ...ipout \box \AtBeginShipoutBox 
                                                  \fi \fi 
l.227 \newpage
              pdfTeX warning (ext4): destination with the same identifier (name
{figure.1.3}) has been already used, duplicate ignored

\AtBegShi@Output ...ipout \box \AtBeginShipoutBox 
                                                  \fi \fi 
l.227 \newpage
              pdfTeX warning (ext4): destination with the same identifier (name
{figure.1.4}) has been already used, duplicate ignored

\AtBegShi@Output ...ipout \box \AtBeginShipoutBox 
                                                  \fi \fi 
l.227 \newpage
               <./imagesRapport/quinteFlush.jpg> <./imagesRapport/carre.jpg> <.
/imagesRapport/full.jpg>]
<./imagesRapport/suite.jpg, id=522, 530.98375pt x 150.5625pt>
File: ./imagesRapport/suite.jpg Graphic file (type jpg)

<use ./imagesRapport/suite.jpg>
Package pdftex.def Info: ./imagesRapport/suite.jpg used on input line 232.
(pdftex.def)             Requested size: 159.29634pt x 45.16908pt.

<./imagesRapport/brelan.jpg, id=523, 441.76309pt x 106.87817pt>
File: ./imagesRapport/brelan.jpg Graphic file (type jpg)

<use ./imagesRapport/brelan.jpg>
Package pdftex.def Info: ./imagesRapport/brelan.jpg used on input line 242.
(pdftex.def)             Requested size: 176.7021pt x 42.7505pt.

<./imagesRapport/doublePaire.jpg, id=524, 441.76309pt x 105.86028pt>
File: ./imagesRapport/doublePaire.jpg Graphic file (type jpg)

<use ./imagesRapport/doublePaire.jpg>
Package pdftex.def Info: ./imagesRapport/doublePaire.jpg used on input line 250
.
(pdftex.def)             Requested size: 132.52994pt x 31.75832pt.
 [14pdfTeX warning (ext4): destination with the same identifier (name{figure.1.
5}) has been already used, duplicate ignored

\AtBegShi@Output ...ipout \box \AtBeginShipoutBox 
                                                  \fi \fi 
l.257 \newpage
              pdfTeX warning (ext4): destination with the same identifier (name
{figure.1.6}) has been already used, duplicate ignored

\AtBegShi@Output ...ipout \box \AtBeginShipoutBox 
                                                  \fi \fi 
l.257 \newpage
              pdfTeX warning (ext4): destination with the same identifier (name
{figure.1.7}) has been already used, duplicate ignored

\AtBegShi@Output ...ipout \box \AtBeginShipoutBox 
                                                  \fi \fi 
l.257 \newpage
              pdfTeX warning (ext4): destination with the same identifier (name
{figure.1.8}) has been already used, duplicate ignored

\AtBegShi@Output ...ipout \box \AtBeginShipoutBox 
                                                  \fi \fi 
l.257 \newpage
               <./imagesRapport/couleur.jpg> <./imagesRapport/suite.jpg> <./ima
gesRapport/brelan.jpg> <./imagesRapport/doublePaire.jpg>]
<./imagesRapport/paire.jpg, id=529, 522.95375pt x 150.5625pt>
File: ./imagesRapport/paire.jpg Graphic file (type jpg)

<use ./imagesRapport/paire.jpg>
Package pdftex.def Info: ./imagesRapport/paire.jpg used on input line 260.
(pdftex.def)             Requested size: 156.88733pt x 45.16908pt.

<./imagesRapport/carteHaute.jpg, id=530, 441.76309pt x 105.86028pt>
File: ./imagesRapport/carteHaute.jpg Graphic file (type jpg)

<use ./imagesRapport/carteHaute.jpg>
Package pdftex.def Info: ./imagesRapport/carteHaute.jpg used on input line 270.

(pdftex.def)             Requested size: 176.7021pt x 42.34335pt.

Underfull \hbox (badness 10000) in paragraph at lines 281--282

 []


Underfull \hbox (badness 10000) in paragraph at lines 283--284

 []


Underfull \hbox (badness 10000) in paragraph at lines 285--286

 []


Underfull \hbox (badness 10000) in paragraph at lines 287--288

 []

[15pdfTeX warning (ext4): destination with the same identifier (name{figure.1.9
}) has been already used, duplicate ignored

\AtBegShi@Output ...ipout \box \AtBeginShipoutBox 
                                                  \fi \fi 
l.288 
      pdfTeX warning (ext4): destination with the same identifier (name{figure.
1.10}) has been already used, duplicate ignored

\AtBegShi@Output ...ipout \box \AtBeginShipoutBox 
                                                  \fi \fi 
l.288 
       <./imagesRapport/paire.jpg> <./imagesRapport/carteHaute.jpg>]
Overfull \hbox (6.42136pt too wide) in paragraph at lines 293--294
 \OT1/cmr/m/n/10 Une fois les fonc-tion-nalit^^Ses obli-ga-toires mises en plac
e, il sera pos-si-ble d'ajouter
 []


Underfull \hbox (badness 10000) in paragraph at lines 293--294

 []


Underfull \hbox (badness 10000) in paragraph at lines 299--300

 []


Underfull \hbox (badness 10000) in paragraph at lines 301--302

 []


Underfull \hbox (badness 10000) in paragraph at lines 307--308

 []


Underfull \hbox (badness 10000) in paragraph at lines 309--310

 []

[16]
Overfull \hbox (11.93576pt too wide) in paragraph at lines 311--312
\OT1/cmr/m/n/10 d^^Sevelopperons une in-tel-li-gence ar-ti-fi-cielle sim-ple ca
-pa-ble de jouer. Nous r^^Sefl^^Sechirons
 []


Underfull \hbox (badness 10000) in paragraph at lines 311--312

 []


Underfull \hbox (badness 10000) in paragraph at lines 313--314

 []

[17]
Chapitre 2.

Underfull \hbox (badness 10000) in paragraph at lines 324--325

 []


Underfull \hbox (badness 10000) in paragraph at lines 326--327

 []


Underfull \hbox (badness 10000) in paragraph at lines 331--333

 []

[18

]
Underfull \hbox (badness 10000) in paragraph at lines 334--335

 []


Underfull \hbox (badness 10000) in paragraph at lines 339--340

 []


Underfull \hbox (badness 10000) in paragraph at lines 341--342

 []


Overfull \hbox (18.99136pt too wide) in paragraph at lines 343--344
\OT1/cmr/m/n/10 d'un ^^Sevaluateur de mains. Par cons^^Sequent, nous avons mis 
en pause le d^^Seveloppement
 []


Underfull \hbox (badness 10000) in paragraph at lines 343--344

 []


Overfull \hbox (5.85248pt too wide) in paragraph at lines 345--346
\OT1/cmr/m/n/10 ar-ti-fi-cielle ^^Setait dif-fi-cile-ment r^^Seutilisable. En e
f-fet, nous d^^Secouvrions r^^Seguli^^Rerement
 []


Underfull \hbox (badness 10000) in paragraph at lines 345--346

 []

[19]
Underfull \hbox (badness 10000) in paragraph at lines 347--348

 []

<./imagesRapport/schemaGit.png, id=555, 573.342pt x 335.654pt>
File: ./imagesRapport/schemaGit.png Graphic file (type png)

<use ./imagesRapport/schemaGit.png>
Package pdftex.def Info: ./imagesRapport/schemaGit.png used on input line 356.
(pdftex.def)             Requested size: 344.00784pt x 201.39394pt.
 [20]
Underfull \hbox (badness 10000) in paragraph at lines 361--362

 []


Underfull \hbox (badness 10000) in paragraph at lines 366--367

 []


Underfull \hbox (badness 10000) in paragraph at lines 368--369

 []


Overfull \hbox (2.3061pt too wide) in paragraph at lines 370--371
[]\OT1/cmr/m/n/10 Les noms des m^^Sethodes, des vari-ables et des at-tributs de
-vront imp^^Serativement
 []


Underfull \hbox (badness 10000) in paragraph at lines 370--371

 []

[21pdfTeX warning (ext4): destination with the same identifier (name{figure.2.1
}) has been already used, duplicate ignored

\AtBegShi@Output ...ipout \box \AtBeginShipoutBox 
                                                  \fi \fi 
l.371 
       <./imagesRapport/schemaGit.png>]
Underfull \hbox (badness 10000) in paragraph at lines 372--373

 []

LaTeX Font Info:    Try loading font information for OMS+cmr on input line 378.

(/usr/share/texlive/texmf-dist/tex/latex/base/omscmr.fd
File: omscmr.fd 1999/05/25 v2.5h Standard LaTeX font definitions
)
LaTeX Font Info:    Font shape `OMS/cmr/m/n' in size <10> not available
(Font)              Font shape `OMS/cmsy/m/n' tried instead on input line 378.
 [22]
Chapitre 3.

Underfull \hbox (badness 10000) in paragraph at lines 402--403

 []


Underfull \hbox (badness 10000) in paragraph at lines 404--405

 []


Underfull \hbox (badness 10000) in paragraph at lines 406--407

 []


Underfull \hbox (badness 10000) in paragraph at lines 408--409

 []

[23

]
Underfull \hbox (badness 10000) in paragraph at lines 410--411

 []


Underfull \hbox (badness 10000) in paragraph at lines 412--413

 []


Underfull \hbox (badness 10000) in paragraph at lines 417--418

 []


Underfull \hbox (badness 10000) in paragraph at lines 419--420

 []


Underfull \hbox (badness 10000) in paragraph at lines 424--425

 []

[24]
Underfull \hbox (badness 10000) in paragraph at lines 426--427

 []


Underfull \hbox (badness 10000) in paragraph at lines 432--433

 []


Underfull \hbox (badness 10000) in paragraph at lines 434--435

 []


Underfull \hbox (badness 10000) in paragraph at lines 436--437

 []


Underfull \hbox (badness 10000) in paragraph at lines 438--439

 []


Underfull \hbox (badness 10000) in paragraph at lines 440--441

 []

[25]
Underfull \hbox (badness 10000) in paragraph at lines 442--443

 []


Underfull \hbox (badness 10000) in paragraph at lines 444--445

 []


Underfull \hbox (badness 10000) in paragraph at lines 446--447

 []


Underfull \hbox (badness 10000) in paragraph at lines 449--450

 []


Underfull \hbox (badness 10000) in paragraph at lines 455--456

 []


Underfull \hbox (badness 10000) in paragraph at lines 457--458

 []

[26]
Underfull \hbox (badness 10000) in paragraph at lines 459--460

 []


Underfull \hbox (badness 10000) in paragraph at lines 461--462

 []


Underfull \hbox (badness 10000) in paragraph at lines 463--464

 []


Underfull \hbox (badness 10000) in paragraph at lines 465--466

 []


Underfull \hbox (badness 10000) in paragraph at lines 467--468

 []


Underfull \hbox (badness 10000) in paragraph at lines 474--475

 []

[27]
Chapitre 4.
<./imagesRapport/DiagClasseJeu.png, id=617, 605.26125pt x 421.87613pt>
File: ./imagesRapport/DiagClasseJeu.png Graphic file (type png)

<use ./imagesRapport/DiagClasseJeu.png>
Package pdftex.def Info: ./imagesRapport/DiagClasseJeu.png used on input line 4
85.
(pdftex.def)             Requested size: 363.15953pt x 253.12762pt.

Underfull \hbox (badness 10000) in paragraph at lines 489--490

 []

[28

pdfTeX warning (ext4): destination with the same identifier (name{figure.4.1}) 
has been already used, duplicate ignored

\AtBegShi@Output ...ipout \box \AtBeginShipoutBox 
                                                  \fi \fi 
l.490 
       <./imagesRapport/DiagClasseJeu.png>]
Underfull \hbox (badness 10000) in paragraph at lines 491--492

 []


Overfull \hbox (22.86168pt too wide) in paragraph at lines 493--494
[]\OT1/cmr/m/n/10 Enfin, pour per-me-t-tre le pro-fi-lage*, plusieurs classes s
ont utilis^^Sees par l'intelligence
 []


Underfull \hbox (badness 10000) in paragraph at lines 493--494

 []


<./imagesRapport/interfaceGraphiqueFenetreOptions.png, id=622, 860.21375pt x 68
0.5425pt>
File: ./imagesRapport/interfaceGraphiqueFenetreOptions.png Graphic file (type p
ng)
 <use ./imagesRapport/interfaceGraphiqueFenetreOptions.png>
Package pdftex.def Info: ./imagesRapport/interfaceGraphiqueFenetreOptions.png u
sed on input line 503.
(pdftex.def)             Requested size: 258.06612pt x 204.16432pt.
 [29]
Underfull \hbox (badness 10000) in paragraph at lines 508--509

 []


Underfull \hbox (badness 10000) in paragraph at lines 510--511

 []


Underfull \hbox (badness 10000) in paragraph at lines 512--513

 []


Underfull \hbox (badness 10000) in paragraph at lines 516--517

 []


<./imagesRapport/interfaceGraphiqueHumain.png, id=627, 1265.72874pt x 690.58pt>
File: ./imagesRapport/interfaceGraphiqueHumain.png Graphic file (type png)
<use ./imagesRapport/interfaceGraphiqueHumain.png>
Package pdftex.def Info: ./imagesRapport/interfaceGraphiqueHumain.png used on i
nput line 523.
(pdftex.def)             Requested size: 379.72156pt x 207.1756pt.

Overfull \hbox (22.7174pt too wide) in paragraph at lines 521--525
[]  []
 []

[30pdfTeX warning (ext4): destination with the same identifier (name{figure.4.2
}) has been already used, duplicate ignored

\AtBegShi@Output ...ipout \box \AtBeginShipoutBox 
                                                  \fi \fi 
l.526 \end{figure}
                   <./imagesRapport/interfaceGraphiqueFenetreOptions.png>]
Underfull \hbox (badness 10000) in paragraph at lines 531--532

 []

<./imagesRapport/interfaceGraphiqueIA.png, id=632, 1259.70625pt x 624.3325pt>
File: ./imagesRapport/interfaceGraphiqueIA.png Graphic file (type png)

<use ./imagesRapport/interfaceGraphiqueIA.png>
Package pdftex.def Info: ./imagesRapport/interfaceGraphiqueIA.png used on input
 line 535.
(pdftex.def)             Requested size: 377.9148pt x 187.3012pt.

Overfull \hbox (20.91064pt too wide) in paragraph at lines 534--536
[]  []
 []

[31pdfTeX warning (ext4): destination with the same identifier (name{figure.4.3
}) has been already used, duplicate ignored

\AtBegShi@Output ...ipout \box \AtBeginShipoutBox 
                                                  \fi \fi 
l.538 
       <./imagesRapport/interfaceGraphiqueHumain.png>] [32pdfTeX warning (ext4)
: destination with the same identifier (name{figure.4.4}) has been already used
, duplicate ignored

\AtBegShi@Output ...ipout \box \AtBeginShipoutBox 
                                                  \fi \fi 
l.539 \chapter
              {Calcul du profil d'un joueur} <./imagesRapport/interfaceGraphiqu
eIA.png>]
Chapitre 5.

<./imagesRapport/courbeRationaliteMiseTheorique.jpg, id=642, 607.26875pt x 341.
275pt>
File: ./imagesRapport/courbeRationaliteMiseTheorique.jpg Graphic file (type jpg
)
 <use ./imagesRapport/courbeRationaliteMiseTheorique.jpg>
Package pdftex.def Info: ./imagesRapport/courbeRationaliteMiseTheorique.jpg use
d on input line 550.
(pdftex.def)             Requested size: 303.63364pt x 170.63707pt.

Underfull \hbox (badness 10000) in paragraph at lines 555--556

 []

[33

pdfTeX warning (ext4): destination with the same identifier (name{figure.5.1}) 
has been already used, duplicate ignored

\AtBegShi@Output ...ipout \box \AtBeginShipoutBox 
                                                  \fi \fi 
l.556 
       <./imagesRapport/courbeRationaliteMiseTheorique.jpg>]
Underfull \hbox (badness 10000) in paragraph at lines 557--558

 []


Overfull \hbox (61.49129pt too wide) in paragraph at lines 575--575
[] 
 []


Underfull \hbox (badness 10000) in paragraph at lines 579--580

 []


Underfull \hbox (badness 10000) in paragraph at lines 591--592

 []


Underfull \hbox (badness 10000) in paragraph at lines 593--594

 []


Underfull \hbox (badness 10000) in paragraph at lines 595--596

 []

[34]
Underfull \hbox (badness 10000) in paragraph at lines 617--618

 []

[35]
Chapitre 6.

Underfull \hbox (badness 10000) in paragraph at lines 651--652

 []


Underfull \hbox (badness 10000) in paragraph at lines 653--654

 []


Underfull \hbox (badness 10000) in paragraph at lines 655--656

 []


Underfull \hbox (badness 10000) in paragraph at lines 663--664

 []


Underfull \hbox (badness 10000) in paragraph at lines 665--666

 []

[36

]
Underfull \hbox (badness 10000) in paragraph at lines 667--668

 []


Underfull \hbox (badness 10000) in paragraph at lines 669--670

 []


Underfull \hbox (badness 10000) in paragraph at lines 671--672

 []


Underfull \hbox (badness 10000) in paragraph at lines 673--674

 []


Underfull \hbox (badness 10000) in paragraph at lines 675--676

 []

[37]
Underfull \hbox (badness 10000) in paragraph at lines 700--701

 []


Underfull \hbox (badness 10000) in paragraph at lines 710--711

 []


Underfull \hbox (badness 10000) in paragraph at lines 712--713

 []


Underfull \hbox (badness 10000) in paragraph at lines 714--716

 []


Underfull \hbox (badness 10000) in paragraph at lines 718--719

 []


Underfull \hbox (badness 10000) in paragraph at lines 720--721

 []


Underfull \hbox (badness 10000) in paragraph at lines 722--723

 []

[38pdfTeX warning (ext4): destination with the same identifier (name{figure.6.1
}) has been already used, duplicate ignored

\AtBegShi@Output ...ipout \box \AtBeginShipoutBox 
                                                  \fi \fi 
l.723 
      ]
Underfull \hbox (badness 10000) in paragraph at lines 724--725

 []


Overfull \hbox (22.75066pt too wide) in paragraph at lines 729--759
 [] 
 []


Underfull \hbox (badness 10000) in paragraph at lines 769--770

 []

[39pdfTeX warning (ext4): destination with the same identifier (name{figure.6.2
}) has been already used, duplicate ignored

\AtBegShi@Output ...ipout \box \AtBeginShipoutBox 
                                                  \fi \fi 
l.770 
      ]
Underfull \hbox (badness 10000) in paragraph at lines 777--778

 []


Underfull \hbox (badness 10000) in paragraph at lines 779--780

 []


Underfull \hbox (badness 10000) in paragraph at lines 781--782

 []


Overfull \hbox (1.39493pt too wide) in paragraph at lines 783--784
[]\OT1/cmr/m/n/9 Nous avons donc ef-fectu^^Se plusieurs tests avec plusieurs no
m-bres de tirages diff^^Serents.
 []


Underfull \hbox (badness 10000) in paragraph at lines 783--784

 []


Underfull \hbox (badness 10000) in paragraph at lines 785--786

 []


Underfull \hbox (badness 10000) in paragraph at lines 787--788

 []

[40]
Overfull \hbox (9.93376pt too wide) in paragraph at lines 813--813
[]\OT1/cmr/m/n/9 L'impl^^Sementation de cette fonc-tion-nalit^^Se ayant con-sid
^^Serablement ralenti l'application,
 []

[41pdfTeX warning (ext4): destination with the same identifier (name{figure.6.3
}) has been already used, duplicate ignored

\AtBegShi@Output ...ipout \box \AtBeginShipoutBox 
                                                  \fi \fi 
l.815 \chapter
              {Méthodes de profilage}]
Chapitre 7.

Underfull \hbox (badness 10000) in paragraph at lines 823--824

 []


Overfull \hbox (30.69508pt too wide) in paragraph at lines 829--866
 [] 
 []

[42

]
Underfull \hbox (badness 10000) in paragraph at lines 870--871

 []


Underfull \hbox (badness 10000) in paragraph at lines 872--873

 []


Underfull \hbox (badness 10000) in paragraph at lines 874--875

 []

[43pdfTeX warning (ext4): destination with the same identifier (name{figure.7.1
}) has been already used, duplicate ignored

\AtBegShi@Output ...ipout \box \AtBeginShipoutBox 
                                                  \fi \fi 
l.878 \subsection
                 {Analyse des résultats}]
Underfull \hbox (badness 10000) in paragraph at lines 880--881

 []


Underfull \hbox (badness 10000) in paragraph at lines 882--883

 []


Underfull \hbox (badness 10000) in paragraph at lines 884--885

 []


Underfull \hbox (badness 10000) in paragraph at lines 886--887

 []


<./imagesRapport/profilageScenariosTestsAnalyseResultats.png, id=697, 903.375pt
 x 501.875pt>
File: ./imagesRapport/profilageScenariosTestsAnalyseResultats.png Graphic file 
(type png)

<use ./imagesRapport/profilageScenariosTestsAnalyseResultats.png>
Package pdftex.def Info: ./imagesRapport/profilageScenariosTestsAnalyseResultat
s.png used on input line 891.
(pdftex.def)             Requested size: 451.6864pt x 250.93687pt.

Overfull \hbox (52.00311pt too wide) in paragraph at lines 890--892
[]  []
 []

[44]
Underfull \hbox (badness 10000) in paragraph at lines 896--897

 []


<./imagesRapport/profilEtabliEnFonctionPartiesEtReel.jpg, id=702, 607.26875pt x
 341.275pt>
File: ./imagesRapport/profilEtabliEnFonctionPartiesEtReel.jpg Graphic file (typ
e jpg)
 <use ./imagesRapport/profilEtabliEnFonctionPartiesEtReel.jpg>
Package pdftex.def Info: ./imagesRapport/profilEtabliEnFonctionPartiesEtReel.jp
g used on input line 901.
(pdftex.def)             Requested size: 303.63364pt x 170.63707pt.

[45pdfTeX warning (ext4): destination with the same identifier (name{figure.7.2
}) has been already used, duplicate ignored

\AtBegShi@Output ...ipout \box \AtBeginShipoutBox 
                                                  \fi \fi 
l.905 
       <./imagesRapport/profilageScenariosTestsAnalyseResultats.png (PNG copy)>
]
Underfull \hbox (badness 10000) in paragraph at lines 945--946

 []

[46pdfTeX warning (ext4): destination with the same identifier (name{figure.7.3
}) has been already used, duplicate ignored

\AtBegShi@Output ...ipout \box \AtBeginShipoutBox 
                                                  \fi \fi 
l.946 
      pdfTeX warning (ext4): destination with the same identifier (name{figure.
7.4}) has been already used, duplicate ignored

\AtBegShi@Output ...ipout \box \AtBeginShipoutBox 
                                                  \fi \fi 
l.946 
       <./imagesRapport/profilEtabliEnFonctionPartiesEtReel.jpg>]
Underfull \hbox (badness 10000) in paragraph at lines 947--948

 []


Underfull \hbox (badness 10000) in paragraph at lines 949--950

 []


Underfull \hbox (badness 10000) in paragraph at lines 951--952

 []


Underfull \hbox (badness 10000) in paragraph at lines 953--954

 []


Underfull \hbox (badness 10000) in paragraph at lines 955--956

 []


Underfull \hbox (badness 10000) in paragraph at lines 959--960

 []

[47]
Overfull \hbox (7.33794pt too wide) in paragraph at lines 961--962
[]\OT1/cmr/m/n/9 Par cons^^Sequent, si lors de la phase de jeu et ^^Ra par-tir 
de dix par-ties jou^^Sees, l'intelligence
 []


Underfull \hbox (badness 10000) in paragraph at lines 961--962

 []

[48]
Chapitre 8.

Underfull \hbox (badness 10000) in paragraph at lines 971--999

 []


Underfull \hbox (badness 10000) in paragraph at lines 1002--1003

 []

[49

pdfTeX warning (ext4): destination with the same identifier (name{figure.8.1}) 
has been already used, duplicate ignored

\AtBegShi@Output ...ipout \box \AtBeginShipoutBox 
                                                  \fi \fi 
l.1003 
       ]
Underfull \hbox (badness 10000) in paragraph at lines 1006--1007

 []


Underfull \hbox (badness 10000) in paragraph at lines 1027--1028

 []


<./imagesRapport/PremierCalibrageComparaisonNombrePartiesGagnees.jpg, id=725, 6
07.26875pt x 341.275pt>
File: ./imagesRapport/PremierCalibrageComparaisonNombrePartiesGagnees.jpg Graph
ic file (type jpg)

<use ./imagesRapport/PremierCalibrageComparaisonNombrePartiesGagnees.jpg>
Package pdftex.def Info: ./imagesRapport/PremierCalibrageComparaisonNombreParti
esGagnees.jpg used on input line 1032.
(pdftex.def)             Requested size: 303.63364pt x 170.63707pt.

[50pdfTeX warning (ext4): destination with the same identifier (name{figure.8.2
}) has been already used, duplicate ignored

\AtBegShi@Output ...ipout \box \AtBeginShipoutBox 
                                                  \fi \fi 
l.1061 
       ]
<./imagesRapport/PremierCalibrageComparaisonJetonsGagnees.jpg, id=730, 607.2687
5pt x 341.275pt>
File: ./imagesRapport/PremierCalibrageComparaisonJetonsGagnees.jpg Graphic file
 (type jpg)

<use ./imagesRapport/PremierCalibrageComparaisonJetonsGagnees.jpg>
Package pdftex.def Info: ./imagesRapport/PremierCalibrageComparaisonJetonsGagne
es.jpg used on input line 1068.
(pdftex.def)             Requested size: 303.63364pt x 170.63707pt.
 [51pdfTeX warning (ext4): destination with the same identifier (name{figure.8.
3}) has been already used, duplicate ignored

\AtBegShi@Output ...ipout \box \AtBeginShipoutBox 
                                                  \fi \fi 
l.1072 
        <./imagesRapport/PremierCalibrageComparaisonNombrePartiesGagnees.jpg>]
Underfull \hbox (badness 10000) in paragraph at lines 1076--1077

 []


Underfull \hbox (badness 10000) in paragraph at lines 1078--1079

 []


Underfull \hbox (badness 10000) in paragraph at lines 1085--1086

 []


Underfull \hbox (badness 10000) in paragraph at lines 1087--1088

 []


Underfull \hbox (badness 10000) in paragraph at lines 1089--1090

 []


Underfull \hbox (badness 10000) in paragraph at lines 1091--1092

 []

[52pdfTeX warning (ext4): destination with the same identifier (name{figure.8.4
}) has been already used, duplicate ignored

\AtBegShi@Output ...ipout \box \AtBeginShipoutBox 
                                                  \fi \fi 
l.1092 
        <./imagesRapport/PremierCalibrageComparaisonJetonsGagnees.jpg>]
<./imagesRapport/rechercheCalibrageOptimal8080.jpg, id=739, 827.09pt x 465.74pt
>
File: ./imagesRapport/rechercheCalibrageOptimal8080.jpg Graphic file (type jpg)

 <use ./imagesRapport/rechercheCalibrageOptimal8080.jpg>
Package pdftex.def Info: ./imagesRapport/rechercheCalibrageOptimal8080.jpg used
 on input line 1098.
(pdftex.def)             Requested size: 413.54398pt x 232.86943pt.

Overfull \hbox (68.54398pt too wide) in paragraph at lines 1098--1099
 [] 
 []


Underfull \hbox (badness 10000) in paragraph at lines 1104--1105

 []

[53pdfTeX warning (ext4): destination with the same identifier (name{figure.8.5
}) has been already used, duplicate ignored

\AtBegShi@Output ...ipout \box \AtBeginShipoutBox 
                                                  \fi \fi 
l.1107 
        <./imagesRapport/rechercheCalibrageOptimal8080.jpg>]
<./imagesRapport/NombrePartiesGagneesEnFonctionCalibrage.jpg, id=744, 607.26875
pt x 341.275pt>
File: ./imagesRapport/NombrePartiesGagneesEnFonctionCalibrage.jpg Graphic file 
(type jpg)

<use ./imagesRapport/NombrePartiesGagneesEnFonctionCalibrage.jpg>
Package pdftex.def Info: ./imagesRapport/NombrePartiesGagneesEnFonctionCalibrag
e.jpg used on input line 1140.
(pdftex.def)             Requested size: 303.63364pt x 170.63707pt.

Underfull \hbox (badness 10000) in paragraph at lines 1145--1146

 []


Underfull \hbox (badness 10000) in paragraph at lines 1147--1148

 []

[54pdfTeX warning (ext4): destination with the same identifier (name{figure.8.6
}) has been already used, duplicate ignored

\AtBegShi@Output ...ipout \box \AtBeginShipoutBox 
                                                  \fi \fi 
l.1148 
       pdfTeX warning (ext4): destination with the same identifier (name{figure
.8.7}) has been already used, duplicate ignored

\AtBegShi@Output ...ipout \box \AtBeginShipoutBox 
                                                  \fi \fi 
l.1148 
        <./imagesRapport/NombrePartiesGagneesEnFonctionCalibrage.jpg>]
<./imagesRapport/JetonsGagnesEnFonctionCalibrage.jpg, id=749, 607.26875pt x 341
.275pt>
File: ./imagesRapport/JetonsGagnesEnFonctionCalibrage.jpg Graphic file (type jp
g)
 <use ./imagesRapport/JetonsGagnesEnFonctionCalibrage.jpg>
Package pdftex.def Info: ./imagesRapport/JetonsGagnesEnFonctionCalibrage.jpg us
ed on input line 1151.
(pdftex.def)             Requested size: 303.63364pt x 170.63707pt.

Underfull \hbox (badness 10000) in paragraph at lines 1159--1160

 []


Underfull \hbox (badness 10000) in paragraph at lines 1161--1162

 []

[55pdfTeX warning (ext4): destination with the same identifier (name{figure.8.8
}) has been already used, duplicate ignored

\AtBegShi@Output ...ipout \box \AtBeginShipoutBox 
                                                  \fi \fi 
l.1162 
        <./imagesRapport/JetonsGagnesEnFonctionCalibrage.jpg>]
Overfull \hbox (46.38692pt too wide) in paragraph at lines 1164--1188
[]  [] 
 []


Underfull \hbox (badness 10000) in paragraph at lines 1192--1193

 []


Underfull \hbox (badness 10000) in paragraph at lines 1194--1195

 []

[56pdfTeX warning (ext4): destination with the same identifier (name{figure.8.9
}) has been already used, duplicate ignored

\AtBegShi@Output ...ipout \box \AtBeginShipoutBox 
                                                  \fi \fi 
l.1229 
       pdfTeX warning (ext4): destination with the same identifier (name{figure
.8.10}) has been already used, duplicate ignored

\AtBegShi@Output ...ipout \box \AtBeginShipoutBox 
                                                  \fi \fi 
l.1229 
       ]
Underfull \hbox (badness 10000) in paragraph at lines 1231--1232

 []

<./imagesRapport/tauxSimilariteGains.jpg, id=759, 607.26875pt x 341.275pt>
File: ./imagesRapport/tauxSimilariteGains.jpg Graphic file (type jpg)

<use ./imagesRapport/tauxSimilariteGains.jpg>
Package pdftex.def Info: ./imagesRapport/tauxSimilariteGains.jpg used on input 
line 1235.
(pdftex.def)             Requested size: 303.63364pt x 170.63707pt.
 [57pdfTeX warning (ext4): destination with the same identifier (name{figure.8.
11}) has been already used, duplicate ignored

\AtBegShi@Output ...ipout \box \AtBeginShipoutBox 
                                                  \fi \fi 
l.1242 \chapter
               {Perspectives et conclusion} <./imagesRapport/tauxSimilariteGain
s.jpg>]
Chapitre 9.

Underfull \hbox (badness 10000) in paragraph at lines 1246--1247

 []


Underfull \hbox (badness 10000) in paragraph at lines 1248--1249

 []


Underfull \hbox (badness 10000) in paragraph at lines 1253--1254

 []

[58

] (./Rapport.bbl [59]) [60

]
Annexe A.
<../DiagrammePrevisionnel.png, id=779, 2091.815pt x 797.98125pt>
File: ../DiagrammePrevisionnel.png Graphic file (type png)

<use ../DiagrammePrevisionnel.png>
Package pdftex.def Info: ../DiagrammePrevisionnel.png used on input line 1275.
(pdftex.def)             Requested size: 585.70422pt x 223.43323pt.

Overfull \hbox (123.25829pt too wide) in paragraph at lines 1274--1277
  []
 []

[61

 <../DiagrammePrevisionnel.png (PNG copy)>]
Annexe B.
<../DiagrammeReel.png, id=785, 2519.4125pt x 849.1725pt>
File: ../DiagrammeReel.png Graphic file (type png)

<use ../DiagrammeReel.png>
Package pdftex.def Info: ../DiagrammeReel.png used on input line 1280.
(pdftex.def)             Requested size: 604.67137pt x 203.80556pt.

Overfull \hbox (133.68951pt too wide) in paragraph at lines 1279--1281
  [] 
 []

Package atveryend Info: Empty hook `BeforeClearDocument' on input line 1286.
[62

 <../DiagrammeReel.png>]
Package atveryend Info: Empty hook `AfterLastShipout' on input line 1286.
 (./Rapport.aux)
Package atveryend Info: Executing hook `AtVeryEndDocument' on input line 1286.
Package atveryend Info: Executing hook `AtEndAfterFileList' on input line 1286.

Package rerunfilecheck Info: File `Rapport.out' has not changed.
(rerunfilecheck)             Checksum: 5CB65DF21BA4B9D8F408D30F59AF4BEA;4890.
Package atveryend Info: Empty hook `AtVeryVeryEnd' on input line 1286.
 ) 
Here is how much of TeX's memory you used:
 9217 strings out of 494985
 132400 string characters out of 6180357
 223913 words of memory out of 5000000
 12102 multiletter control sequences out of 15000+600000
 9958 words of font info for 36 fonts, out of 8000000 for 9000
 36 hyphenation exceptions out of 8191
 39i,18n,45p,1264b,1227s stack positions out of 5000i,500n,10000p,200000b,80000s
</usr/share/texlive/texmf-dist/fonts/type1/public/amsfonts/cm/cmbx10.pfb></us
r/share/texlive/texmf-dist/fonts/type1/public/amsfonts/cm/cmbx12.pfb></usr/shar
e/texlive/texmf-dist/fonts/type1/public/amsfonts/cmextra/cmex9.pfb></usr/share/
texlive/texmf-dist/fonts/type1/public/amsfonts/cm/cmmi6.pfb></usr/share/texlive
/texmf-dist/fonts/type1/public/amsfonts/cm/cmmi9.pfb></usr/share/texlive/texmf-
dist/fonts/type1/public/amsfonts/cm/cmr10.pfb></usr/share/texlive/texmf-dist/fo
nts/type1/public/amsfonts/cm/cmr6.pfb></usr/share/texlive/texmf-dist/fonts/type
1/public/amsfonts/cm/cmr9.pfb></usr/share/texlive/texmf-dist/fonts/type1/public
/amsfonts/cm/cmsy10.pfb></usr/share/texlive/texmf-dist/fonts/type1/public/amsfo
nts/cm/cmsy9.pfb></usr/share/texlive/texmf-dist/fonts/type1/public/amsfonts/cm/
cmti10.pfb></usr/share/texlive/texmf-dist/fonts/type1/public/amsfonts/cm/cmti9.
pfb></usr/share/texlive/texmf-dist/fonts/type1/public/amsfonts/cm/cmtt10.pfb>
Output written on Rapport.pdf (62 pages, 1264897 bytes).
PDF statistics:
 878 PDF objects out of 1000 (max. 8388607)
 751 compressed objects within 8 object streams
 190 named destinations out of 1000 (max. 500000)
 695 words of extra memory for PDF output out of 10000 (max. 10000000)

